[2023-10-12 13:35:43,046: INFO: main: Welcome to custom log]
[2023-10-12 14:13:08,073: INFO: common: yaml file: config/config.yaml loaded successfully]
[2023-10-12 14:13:08,095: INFO: common: yaml file: params.yaml loaded successfully]
[2023-10-12 14:13:08,102: INFO: common: created directory at: artifacts]
[2023-10-12 14:13:08,106: INFO: common: created directory at: artifacts/data_ingestion]
[2023-10-12 14:13:08,110: INFO: 986331348: Downloading data from https://drive.google.com/file/d/1vlhZ5c7abUKF8xXERIw6m9Te8fW7ohw3/view?usp=sharing into file artifacts/data_ingestion/data.zip]
[2023-10-12 14:13:16,906: INFO: 986331348: Downloaded data from https://drive.google.com/file/d/1vlhZ5c7abUKF8xXERIw6m9Te8fW7ohw3/view?usp=sharing into file artifacts/data_ingestion/data.zip]
[2023-10-12 14:34:44,389: INFO: common: yaml file: config/config.yaml loaded successfully]
[2023-10-12 14:34:44,402: INFO: common: yaml file: params.yaml loaded successfully]
[2023-10-12 14:34:44,406: INFO: common: created directory at: artifacts]
[2023-10-12 14:34:44,410: INFO: common: created directory at: artifacts/prepare_base_model]
[2023-10-12 14:34:54,036: WARNING: saving_utils: Compiled the loaded model, but the compiled metrics have yet to be built. `model.compile_metrics` will be empty until you train or evaluate the model.]
[2023-10-12 14:51:35,384: INFO: main: >>>>stage Data Ingestion Stage started <<<<<]
[2023-10-12 14:51:35,388: INFO: common: yaml file: config/config.yaml loaded successfully]
[2023-10-12 14:51:35,390: INFO: common: yaml file: params.yaml loaded successfully]
[2023-10-12 14:51:35,390: INFO: common: created directory at: artifacts]
[2023-10-12 14:51:35,390: INFO: common: created directory at: artifacts/data_ingestion]
[2023-10-12 14:51:35,391: INFO: data_ingestion: Downloading data from https://drive.google.com/file/d/1vlhZ5c7abUKF8xXERIw6m9Te8fW7ohw3/view?usp=sharing into file artifacts/data_ingestion/data.zip]
[2023-10-12 14:51:42,753: INFO: data_ingestion: Downloaded data from https://drive.google.com/file/d/1vlhZ5c7abUKF8xXERIw6m9Te8fW7ohw3/view?usp=sharing into file artifacts/data_ingestion/data.zip]
[2023-10-12 14:51:44,059: INFO: main: >>>>stage Data Ingestion Stage completed <<<<< 
 ]
[2023-10-12 14:51:44,059: INFO: main: >>>>stage Prepare Base Model Pipeline started <<<<<]
[2023-10-12 14:51:44,063: INFO: common: yaml file: config/config.yaml loaded successfully]
[2023-10-12 14:51:44,069: INFO: common: yaml file: params.yaml loaded successfully]
[2023-10-12 14:51:44,070: INFO: common: created directory at: artifacts]
[2023-10-12 14:51:44,070: INFO: common: created directory at: artifacts/prepare_base_model]
[2023-10-12 14:51:45,034: WARNING: saving_utils: Compiled the loaded model, but the compiled metrics have yet to be built. `model.compile_metrics` will be empty until you train or evaluate the model.]
[2023-10-12 14:51:46,664: INFO: main: >>>>stage Prepare Base Model Pipeline completed <<<<< 
 ]
[2023-10-12 14:56:07,408: INFO: common: yaml file: config/config.yaml loaded successfully]
[2023-10-12 14:56:07,413: INFO: common: yaml file: params.yaml loaded successfully]
[2023-10-12 14:56:07,414: INFO: common: created directory at: artifacts]
[2023-10-12 14:56:07,416: INFO: common: created directory at: artifacts/training]
[2023-10-13 00:07:26,104: INFO: main: >>>>stage Data Ingestion Stage started <<<<<]
[2023-10-13 00:07:26,109: INFO: common: yaml file: config/config.yaml loaded successfully]
[2023-10-13 00:07:26,113: INFO: common: yaml file: params.yaml loaded successfully]
[2023-10-13 00:07:26,114: INFO: common: created directory at: artifacts]
[2023-10-13 00:07:26,114: INFO: common: created directory at: artifacts/data_ingestion]
[2023-10-13 00:07:26,114: INFO: data_ingestion: Downloading data from https://drive.google.com/file/d/1vlhZ5c7abUKF8xXERIw6m9Te8fW7ohw3/view?usp=sharing into file artifacts/data_ingestion/data.zip]
[2023-10-13 00:07:33,414: INFO: data_ingestion: Downloaded data from https://drive.google.com/file/d/1vlhZ5c7abUKF8xXERIw6m9Te8fW7ohw3/view?usp=sharing into file artifacts/data_ingestion/data.zip]
[2023-10-13 00:07:34,688: INFO: main: >>>>stage Data Ingestion Stage completed <<<<< 
 ]
[2023-10-13 00:07:34,688: INFO: main: >>>>stage Prepare Base Model Pipeline started <<<<<]
[2023-10-13 00:07:34,691: INFO: common: yaml file: config/config.yaml loaded successfully]
[2023-10-13 00:07:34,695: INFO: common: yaml file: params.yaml loaded successfully]
[2023-10-13 00:07:34,695: INFO: common: created directory at: artifacts]
[2023-10-13 00:07:34,696: INFO: common: created directory at: artifacts/prepare_base_model]
[2023-10-13 00:07:35,662: WARNING: saving_utils: Compiled the loaded model, but the compiled metrics have yet to be built. `model.compile_metrics` will be empty until you train or evaluate the model.]
[2023-10-13 00:07:36,934: INFO: main: >>>>stage Prepare Base Model Pipeline completed <<<<< 
 ]
[2023-10-13 00:07:36,935: INFO: main: >>>>stage Model training Pipeline started <<<<<]
[2023-10-13 00:07:36,941: INFO: common: yaml file: config/config.yaml loaded successfully]
[2023-10-13 00:07:36,944: INFO: common: yaml file: params.yaml loaded successfully]
[2023-10-13 00:07:36,945: INFO: common: created directory at: artifacts]
[2023-10-13 00:07:36,946: INFO: common: created directory at: artifacts/training]
[2023-10-13 00:10:17,623: INFO: main: >>>>stage Model training Pipeline completed <<<<< 
 ]
[2023-10-13 00:20:57,119: INFO: common: yaml file: config/config.yaml loaded successfully]
[2023-10-13 00:20:57,132: INFO: common: yaml file: params.yaml loaded successfully]
[2023-10-13 00:20:57,137: INFO: common: created directory at: artifacts]
[2023-10-13 00:24:59,295: INFO: common: yaml file: config/config.yaml loaded successfully]
[2023-10-13 00:24:59,300: INFO: common: yaml file: params.yaml loaded successfully]
[2023-10-13 00:24:59,301: INFO: common: created directory at: artifacts]
[2023-10-13 00:26:37,346: INFO: common: json file saved at: scores.json]
[2023-10-13 00:26:42,058: WARNING: save: Found untraced functions such as _jit_compiled_convolution_op, _jit_compiled_convolution_op, _jit_compiled_convolution_op, _jit_compiled_convolution_op, _jit_compiled_convolution_op while saving (showing 5 of 14). These functions will not be directly callable after loading.]
[2023-10-13 00:26:45,864: INFO: builder_impl: Assets written to: /var/folders/67/llt_l5wn28s1h85khxs9fg2w0000gn/T/tmppxvdelm7/model/data/model/assets]
[2023-10-13 00:29:42,115: INFO: common: yaml file: config/config.yaml loaded successfully]
[2023-10-13 00:29:42,120: INFO: common: yaml file: params.yaml loaded successfully]
[2023-10-13 00:29:42,122: INFO: common: created directory at: artifacts]
[2023-10-13 00:31:09,961: INFO: common: json file saved at: scores.json]
[2023-10-13 00:31:13,806: WARNING: save: Found untraced functions such as _jit_compiled_convolution_op, _jit_compiled_convolution_op, _jit_compiled_convolution_op, _jit_compiled_convolution_op, _jit_compiled_convolution_op while saving (showing 5 of 14). These functions will not be directly callable after loading.]
[2023-10-13 00:31:16,245: INFO: builder_impl: Assets written to: /var/folders/67/llt_l5wn28s1h85khxs9fg2w0000gn/T/tmptjn_6pvo/model/data/model/assets]
[2023-10-13 00:40:42,193: INFO: common: yaml file: config/config.yaml loaded successfully]
[2023-10-13 00:40:42,204: INFO: common: yaml file: params.yaml loaded successfully]
[2023-10-13 00:40:42,209: INFO: common: created directory at: artifacts]
[2023-10-13 00:41:58,508: INFO: common: json file saved at: scores.json]
[2023-10-13 00:42:07,369: WARNING: save: Found untraced functions such as _jit_compiled_convolution_op, _jit_compiled_convolution_op, _jit_compiled_convolution_op, _jit_compiled_convolution_op, _jit_compiled_convolution_op while saving (showing 5 of 14). These functions will not be directly callable after loading.]
[2023-10-13 00:42:17,018: INFO: builder_impl: Assets written to: /var/folders/67/llt_l5wn28s1h85khxs9fg2w0000gn/T/tmpjbk7dj3v/model/data/model/assets]
[2023-10-13 00:55:22,384: INFO: common: yaml file: config/config.yaml loaded successfully]
[2023-10-13 00:55:22,392: INFO: common: yaml file: params.yaml loaded successfully]
[2023-10-13 00:55:22,395: INFO: common: created directory at: artifacts]
[2023-10-13 00:56:31,366: INFO: common: json file saved at: scores.json]
[2023-10-13 00:56:34,658: WARNING: save: Found untraced functions such as _jit_compiled_convolution_op, _jit_compiled_convolution_op, _jit_compiled_convolution_op, _jit_compiled_convolution_op, _jit_compiled_convolution_op while saving (showing 5 of 14). These functions will not be directly callable after loading.]
[2023-10-13 00:56:36,901: INFO: builder_impl: Assets written to: /var/folders/67/llt_l5wn28s1h85khxs9fg2w0000gn/T/tmpjmwo4v5i/model/data/model/assets]
[2023-10-13 01:18:16,995: INFO: stage_01_data_ingestion: >>>>stage Data Ingestion stage started <<<<<]
[2023-10-13 01:18:17,000: INFO: common: yaml file: config/config.yaml loaded successfully]
[2023-10-13 01:18:17,003: INFO: common: yaml file: params.yaml loaded successfully]
[2023-10-13 01:18:17,003: INFO: common: created directory at: artifacts]
[2023-10-13 01:18:17,004: INFO: common: created directory at: artifacts/data_ingestion]
[2023-10-13 01:18:17,004: INFO: data_ingestion: Downloading data from https://drive.google.com/file/d/1vlhZ5c7abUKF8xXERIw6m9Te8fW7ohw3/view?usp=sharing into file artifacts/data_ingestion/data.zip]
[2023-10-13 01:18:24,341: INFO: data_ingestion: Downloaded data from https://drive.google.com/file/d/1vlhZ5c7abUKF8xXERIw6m9Te8fW7ohw3/view?usp=sharing into file artifacts/data_ingestion/data.zip]
[2023-10-13 01:18:25,999: INFO: stage_01_data_ingestion: >>>>stage Data Ingestion stage completed <<<<< 
 ]
[2023-10-13 01:19:13,910: INFO: stage_01_data_ingestion: >>>>stage Data Ingestion stage started <<<<<]
[2023-10-13 01:19:13,915: INFO: common: yaml file: config/config.yaml loaded successfully]
[2023-10-13 01:19:13,918: INFO: common: yaml file: params.yaml loaded successfully]
[2023-10-13 01:19:13,918: INFO: common: created directory at: artifacts]
[2023-10-13 01:19:13,918: INFO: common: created directory at: artifacts/data_ingestion]
[2023-10-13 01:19:13,919: INFO: data_ingestion: Downloading data from https://drive.google.com/file/d/1vlhZ5c7abUKF8xXERIw6m9Te8fW7ohw3/view?usp=sharing into file artifacts/data_ingestion/data.zip]
[2023-10-13 01:19:21,224: INFO: data_ingestion: Downloaded data from https://drive.google.com/file/d/1vlhZ5c7abUKF8xXERIw6m9Te8fW7ohw3/view?usp=sharing into file artifacts/data_ingestion/data.zip]
[2023-10-13 01:19:22,837: INFO: stage_01_data_ingestion: >>>>stage Data Ingestion stage completed <<<<< 
 ]
[2023-10-13 01:20:10,596: INFO: stage_01_data_ingestion: >>>>stage Data Ingestion stage started <<<<<]
[2023-10-13 01:20:10,601: INFO: common: yaml file: config/config.yaml loaded successfully]
[2023-10-13 01:20:10,603: INFO: common: yaml file: params.yaml loaded successfully]
[2023-10-13 01:20:10,604: INFO: common: created directory at: artifacts]
[2023-10-13 01:20:10,604: INFO: common: created directory at: artifacts/data_ingestion]
[2023-10-13 01:20:10,604: INFO: data_ingestion: Downloading data from https://drive.google.com/file/d/1vlhZ5c7abUKF8xXERIw6m9Te8fW7ohw3/view?usp=sharing into file artifacts/data_ingestion/data.zip]
[2023-10-13 01:20:18,177: INFO: data_ingestion: Downloaded data from https://drive.google.com/file/d/1vlhZ5c7abUKF8xXERIw6m9Te8fW7ohw3/view?usp=sharing into file artifacts/data_ingestion/data.zip]
[2023-10-13 01:20:18,867: INFO: stage_01_data_ingestion: >>>>stage Data Ingestion stage completed <<<<< 
 ]
[2023-10-13 01:20:53,479: INFO: stage_01_data_ingestion: >>>>stage Data Ingestion stage started <<<<<]
[2023-10-13 01:20:53,483: INFO: common: yaml file: config/config.yaml loaded successfully]
[2023-10-13 01:20:53,486: INFO: common: yaml file: params.yaml loaded successfully]
[2023-10-13 01:20:53,487: INFO: common: created directory at: artifacts]
[2023-10-13 01:20:53,487: INFO: common: created directory at: artifacts/data_ingestion]
[2023-10-13 01:20:53,487: INFO: data_ingestion: Downloading data from https://drive.google.com/file/d/1vlhZ5c7abUKF8xXERIw6m9Te8fW7ohw3/view?usp=sharing into file artifacts/data_ingestion/data.zip]
[2023-10-13 01:21:01,523: INFO: data_ingestion: Downloaded data from https://drive.google.com/file/d/1vlhZ5c7abUKF8xXERIw6m9Te8fW7ohw3/view?usp=sharing into file artifacts/data_ingestion/data.zip]
[2023-10-13 01:21:02,289: INFO: stage_01_data_ingestion: >>>>stage Data Ingestion stage completed <<<<< 
 ]
[2023-10-13 01:22:59,388: INFO: stage_01_data_ingestion: >>>>stage Data Ingestion stage started <<<<<]
[2023-10-13 01:22:59,394: INFO: common: yaml file: config/config.yaml loaded successfully]
[2023-10-13 01:22:59,397: INFO: common: yaml file: params.yaml loaded successfully]
[2023-10-13 01:22:59,398: INFO: common: created directory at: artifacts]
[2023-10-13 01:22:59,398: INFO: common: created directory at: artifacts/data_ingestion]
[2023-10-13 01:22:59,398: INFO: data_ingestion: Downloading data from https://drive.google.com/file/d/1vlhZ5c7abUKF8xXERIw6m9Te8fW7ohw3/view?usp=sharing into file artifacts/data_ingestion/data.zip]
[2023-10-13 01:23:07,388: INFO: data_ingestion: Downloaded data from https://drive.google.com/file/d/1vlhZ5c7abUKF8xXERIw6m9Te8fW7ohw3/view?usp=sharing into file artifacts/data_ingestion/data.zip]
[2023-10-13 01:23:08,603: INFO: stage_01_data_ingestion: >>>>stage Data Ingestion stage completed <<<<< 
 ]
[2023-10-13 01:24:48,642: INFO: stage_01_data_ingestion: >>>>stage Data Ingestion stage started <<<<<]
[2023-10-13 01:24:48,647: INFO: common: yaml file: config/config.yaml loaded successfully]
[2023-10-13 01:24:48,650: INFO: common: yaml file: params.yaml loaded successfully]
[2023-10-13 01:24:48,651: INFO: common: created directory at: artifacts]
[2023-10-13 01:24:48,651: INFO: common: created directory at: artifacts/data_ingestion]
[2023-10-13 01:24:48,651: INFO: data_ingestion: Downloading data from https://drive.google.com/file/d/1vlhZ5c7abUKF8xXERIw6m9Te8fW7ohw3/view?usp=sharing into file artifacts/data_ingestion/data.zip]
[2023-10-13 01:24:55,762: INFO: data_ingestion: Downloaded data from https://drive.google.com/file/d/1vlhZ5c7abUKF8xXERIw6m9Te8fW7ohw3/view?usp=sharing into file artifacts/data_ingestion/data.zip]
[2023-10-13 01:24:57,122: INFO: stage_01_data_ingestion: >>>>stage Data Ingestion stage completed <<<<< 
 ]
[2023-10-13 01:25:08,980: INFO: stage_02_prepare_base_model: >>>>>>>>>>>>>Prepare Base Model started <<<<<<<<<]
[2023-10-13 01:25:08,984: INFO: common: yaml file: config/config.yaml loaded successfully]
[2023-10-13 01:25:08,986: INFO: common: yaml file: params.yaml loaded successfully]
[2023-10-13 01:25:08,986: INFO: common: created directory at: artifacts]
[2023-10-13 01:25:08,987: INFO: common: created directory at: artifacts/prepare_base_model]
[2023-10-13 01:25:09,679: WARNING: saving_utils: Compiled the loaded model, but the compiled metrics have yet to be built. `model.compile_metrics` will be empty until you train or evaluate the model.]
[2023-10-13 01:25:10,728: INFO: stage_02_prepare_base_model: >>>>>>>>> Prepare Base Model  completed <<<<<<<<<<]
[2023-10-13 01:25:22,990: INFO: stage_03_model_training: >>>>>>>>>>>>>TRAINING started <<<<<<<<<]
[2023-10-13 01:25:22,996: INFO: common: yaml file: config/config.yaml loaded successfully]
[2023-10-13 01:25:22,998: INFO: common: yaml file: params.yaml loaded successfully]
[2023-10-13 01:25:22,998: INFO: common: created directory at: artifacts]
[2023-10-13 01:25:22,998: INFO: common: created directory at: artifacts/training]
[2023-10-13 01:29:52,820: INFO: stage_03_model_training: >>>>>>>>> TRAINING  completed <<<<<<<<<<]
[2023-10-13 01:30:18,553: INFO: stage_04_model_evaluation: >>>>>>>>> STAGE Evaluation Stage started ]
[2023-10-13 01:30:18,561: INFO: common: yaml file: config/config.yaml loaded successfully]
[2023-10-13 01:30:18,572: INFO: common: yaml file: params.yaml loaded successfully]
[2023-10-13 01:30:18,573: INFO: common: created directory at: artifacts]
[2023-10-13 01:32:02,150: INFO: common: json file saved at: scores.json]
[2023-10-13 01:32:10,719: WARNING: save: Found untraced functions such as _jit_compiled_convolution_op, _jit_compiled_convolution_op, _jit_compiled_convolution_op, _jit_compiled_convolution_op, _jit_compiled_convolution_op while saving (showing 5 of 14). These functions will not be directly callable after loading.]
[2023-10-13 01:32:13,601: INFO: builder_impl: Assets written to: /var/folders/67/llt_l5wn28s1h85khxs9fg2w0000gn/T/tmpm5j67epj/model/data/model/assets]
[2023-10-13 01:33:32,173: INFO: stage_04_model_evaluation: Stage Evaluation Stage completed <<<<<<<<<<]
